<?xml version="1.0" encoding="UTF-8"?>
<testsuite xmlns:xsi="http://www.w3.org/2001/XMLSchema-instance" xsi:noNamespaceSchemaLocation="https://maven.apache.org/surefire/maven-surefire-plugin/xsd/surefire-test-report.xsd" name="ua.pt.restapi.models.DistrictDataTest" time="0.001" tests="17" errors="0" skipped="0" failures="0">
  <properties>
    <property name="sun.desktop" value="gnome"/>
    <property name="awt.toolkit" value="sun.awt.X11.XToolkit"/>
    <property name="file.encoding.pkg" value="sun.io"/>
    <property name="java.specification.version" value="1.8"/>
    <property name="sun.cpu.isalist" value=""/>
    <property name="sun.jnu.encoding" value="UTF-8"/>
    <property name="java.class.path" value="/home/ana/Desktop/UA/TQS/Homework1/TQS_Homework1/target/test-classes:/home/ana/Desktop/UA/TQS/Homework1/TQS_Homework1/target/classes:/home/ana/.m2/repository/com/google/code/gson/gson/2.8.5/gson-2.8.5.jar:/home/ana/.m2/repository/org/junit/jupiter/junit-jupiter-api/5.4.0/junit-jupiter-api-5.4.0.jar:/home/ana/.m2/repository/org/apiguardian/apiguardian-api/1.0.0/apiguardian-api-1.0.0.jar:/home/ana/.m2/repository/org/opentest4j/opentest4j/1.1.1/opentest4j-1.1.1.jar:/home/ana/.m2/repository/org/junit/platform/junit-platform-commons/1.4.0/junit-platform-commons-1.4.0.jar:/home/ana/.m2/repository/org/junit/jupiter/junit-jupiter-params/5.4.0/junit-jupiter-params-5.4.0.jar:/home/ana/.m2/repository/org/junit/jupiter/junit-jupiter-engine/5.4.0/junit-jupiter-engine-5.4.0.jar:/home/ana/.m2/repository/org/junit/platform/junit-platform-engine/1.4.0/junit-platform-engine-1.4.0.jar:/home/ana/.m2/repository/io/github/bonigarcia/selenium-jupiter/3.1.1/selenium-jupiter-3.1.1.jar:/home/ana/.m2/repository/org/seleniumhq/selenium/selenium-java/3.141.59/selenium-java-3.141.59.jar:/home/ana/.m2/repository/org/seleniumhq/selenium/selenium-api/3.141.59/selenium-api-3.141.59.jar:/home/ana/.m2/repository/org/seleniumhq/selenium/selenium-chrome-driver/3.141.59/selenium-chrome-driver-3.141.59.jar:/home/ana/.m2/repository/org/seleniumhq/selenium/selenium-edge-driver/3.141.59/selenium-edge-driver-3.141.59.jar:/home/ana/.m2/repository/org/seleniumhq/selenium/selenium-firefox-driver/3.141.59/selenium-firefox-driver-3.141.59.jar:/home/ana/.m2/repository/org/seleniumhq/selenium/selenium-ie-driver/3.141.59/selenium-ie-driver-3.141.59.jar:/home/ana/.m2/repository/org/seleniumhq/selenium/selenium-opera-driver/3.141.59/selenium-opera-driver-3.141.59.jar:/home/ana/.m2/repository/org/seleniumhq/selenium/selenium-remote-driver/3.141.59/selenium-remote-driver-3.141.59.jar:/home/ana/.m2/repository/org/seleniumhq/selenium/selenium-safari-driver/3.141.59/selenium-safari-driver-3.141.59.jar:/home/ana/.m2/repository/org/seleniumhq/selenium/selenium-support/3.141.59/selenium-support-3.141.59.jar:/home/ana/.m2/repository/net/bytebuddy/byte-buddy/1.8.15/byte-buddy-1.8.15.jar:/home/ana/.m2/repository/org/apache/commons/commons-exec/1.3/commons-exec-1.3.jar:/home/ana/.m2/repository/com/google/guava/guava/25.0-jre/guava-25.0-jre.jar:/home/ana/.m2/repository/com/google/code/findbugs/jsr305/1.3.9/jsr305-1.3.9.jar:/home/ana/.m2/repository/org/checkerframework/checker-compat-qual/2.0.0/checker-compat-qual-2.0.0.jar:/home/ana/.m2/repository/com/google/errorprone/error_prone_annotations/2.1.3/error_prone_annotations-2.1.3.jar:/home/ana/.m2/repository/com/google/j2objc/j2objc-annotations/1.1/j2objc-annotations-1.1.jar:/home/ana/.m2/repository/org/codehaus/mojo/animal-sniffer-annotations/1.14/animal-sniffer-annotations-1.14.jar:/home/ana/.m2/repository/com/squareup/okhttp3/okhttp/3.11.0/okhttp-3.11.0.jar:/home/ana/.m2/repository/com/squareup/okio/okio/1.14.0/okio-1.14.0.jar:/home/ana/.m2/repository/io/github/bonigarcia/webdrivermanager/3.3.0/webdrivermanager-3.3.0.jar:/home/ana/.m2/repository/commons-io/commons-io/2.6/commons-io-2.6.jar:/home/ana/.m2/repository/org/apache/commons/commons-lang3/3.8.1/commons-lang3-3.8.1.jar:/home/ana/.m2/repository/org/apache/httpcomponents/httpclient/4.5.6/httpclient-4.5.6.jar:/home/ana/.m2/repository/commons-logging/commons-logging/1.2/commons-logging-1.2.jar:/home/ana/.m2/repository/commons-codec/commons-codec/1.10/commons-codec-1.10.jar:/home/ana/.m2/repository/org/rauschig/jarchivelib/1.0.0/jarchivelib-1.0.0.jar:/home/ana/.m2/repository/org/jsoup/jsoup/1.11.3/jsoup-1.11.3.jar:/home/ana/.m2/repository/io/appium/java-client/7.0.0/java-client-7.0.0.jar:/home/ana/.m2/repository/cglib/cglib/3.2.8/cglib-3.2.8.jar:/home/ana/.m2/repository/org/ow2/asm/asm/6.2.1/asm-6.2.1.jar:/home/ana/.m2/repository/org/apache/ant/ant/1.10.3/ant-1.10.3.jar:/home/ana/.m2/repository/org/apache/ant/ant-launcher/1.10.3/ant-launcher-1.10.3.jar:/home/ana/.m2/repository/commons-validator/commons-validator/1.6/commons-validator-1.6.jar:/home/ana/.m2/repository/commons-beanutils/commons-beanutils/1.9.2/commons-beanutils-1.9.2.jar:/home/ana/.m2/repository/commons-digester/commons-digester/1.8.1/commons-digester-1.8.1.jar:/home/ana/.m2/repository/commons-collections/commons-collections/3.2.2/commons-collections-3.2.2.jar:/home/ana/.m2/repository/org/springframework/spring-context/5.1.0.RELEASE/spring-context-5.1.0.RELEASE.jar:/home/ana/.m2/repository/org/springframework/spring-aop/5.1.0.RELEASE/spring-aop-5.1.0.RELEASE.jar:/home/ana/.m2/repository/org/springframework/spring-beans/5.1.0.RELEASE/spring-beans-5.1.0.RELEASE.jar:/home/ana/.m2/repository/org/springframework/spring-core/5.1.0.RELEASE/spring-core-5.1.0.RELEASE.jar:/home/ana/.m2/repository/org/springframework/spring-jcl/5.1.0.RELEASE/spring-jcl-5.1.0.RELEASE.jar:/home/ana/.m2/repository/org/springframework/spring-expression/5.1.0.RELEASE/spring-expression-5.1.0.RELEASE.jar:/home/ana/.m2/repository/org/aspectj/aspectjweaver/1.9.1/aspectjweaver-1.9.1.jar:/home/ana/.m2/repository/com/spotify/docker-client/8.15.0/docker-client-8.15.0.jar:/home/ana/.m2/repository/com/fasterxml/jackson/datatype/jackson-datatype-guava/2.9.8/jackson-datatype-guava-2.9.8.jar:/home/ana/.m2/repository/org/glassfish/jersey/connectors/jersey-apache-connector/2.22.2/jersey-apache-connector-2.22.2.jar:/home/ana/.m2/repository/javax/activation/activation/1.1/activation-1.1.jar:/home/ana/.m2/repository/org/apache/commons/commons-compress/1.18/commons-compress-1.18.jar:/home/ana/.m2/repository/org/apache/httpcomponents/httpcore/4.4.5/httpcore-4.4.5.jar:/home/ana/.m2/repository/com/github/jnr/jnr-unixsocket/0.18/jnr-unixsocket-0.18.jar:/home/ana/.m2/repository/com/github/jnr/jnr-ffi/2.1.4/jnr-ffi-2.1.4.jar:/home/ana/.m2/repository/com/github/jnr/jffi/1.2.15/jffi-1.2.15.jar:/home/ana/.m2/repository/com/github/jnr/jffi/1.2.15/jffi-1.2.15-native.jar:/home/ana/.m2/repository/org/ow2/asm/asm-commons/5.0.3/asm-commons-5.0.3.jar:/home/ana/.m2/repository/org/ow2/asm/asm-analysis/5.0.3/asm-analysis-5.0.3.jar:/home/ana/.m2/repository/org/ow2/asm/asm-tree/5.0.3/asm-tree-5.0.3.jar:/home/ana/.m2/repository/org/ow2/asm/asm-util/5.0.3/asm-util-5.0.3.jar:/home/ana/.m2/repository/com/github/jnr/jnr-x86asm/1.0.2/jnr-x86asm-1.0.2.jar:/home/ana/.m2/repository/com/github/jnr/jnr-constants/0.9.8/jnr-constants-0.9.8.jar:/home/ana/.m2/repository/com/github/jnr/jnr-enxio/0.16/jnr-enxio-0.16.jar:/home/ana/.m2/repository/com/github/jnr/jnr-posix/3.0.35/jnr-posix-3.0.35.jar:/home/ana/.m2/repository/commons-lang/commons-lang/2.6/commons-lang-2.6.jar:/home/ana/.m2/repository/org/bouncycastle/bcpkix-jdk15on/1.60/bcpkix-jdk15on-1.60.jar:/home/ana/.m2/repository/org/bouncycastle/bcprov-jdk15on/1.60/bcprov-jdk15on-1.60.jar:/home/ana/.m2/repository/com/codeborne/phantomjsdriver/1.4.4/phantomjsdriver-1.4.4.jar:/home/ana/.m2/repository/org/slf4j/slf4j-api/1.7.25/slf4j-api-1.7.25.jar:/home/ana/.m2/repository/ch/qos/logback/logback-classic/1.2.3/logback-classic-1.2.3.jar:/home/ana/.m2/repository/ch/qos/logback/logback-core/1.2.3/logback-core-1.2.3.jar:/home/ana/.m2/repository/com/squareup/retrofit2/retrofit/2.5.0/retrofit-2.5.0.jar:/home/ana/.m2/repository/com/squareup/retrofit2/adapter-rxjava/2.5.0/adapter-rxjava-2.5.0.jar:/home/ana/.m2/repository/io/reactivex/rxjava/1.3.0/rxjava-1.3.0.jar:/home/ana/.m2/repository/com/squareup/retrofit2/converter-gson/2.5.0/converter-gson-2.5.0.jar:/home/ana/.m2/repository/javax/javaee-api/8.0/javaee-api-8.0.jar:/home/ana/.m2/repository/com/sun/mail/javax.mail/1.6.0/javax.mail-1.6.0.jar:/home/ana/.m2/repository/com/h2database/h2/1.4.196/h2-1.4.196.jar:/home/ana/.m2/repository/org/eclipse/persistence/eclipselink/2.7.2/eclipselink-2.7.2.jar:/home/ana/.m2/repository/org/eclipse/persistence/javax.persistence/2.2.0/javax.persistence-2.2.0.jar:/home/ana/.m2/repository/org/eclipse/persistence/commonj.sdo/2.1.1/commonj.sdo-2.1.1.jar:/home/ana/.m2/repository/javax/validation/validation-api/1.1.0.Final/validation-api-1.1.0.Final.jar:/home/ana/.m2/repository/org/powermock/powermock-module-junit4/2.0.2/powermock-module-junit4-2.0.2.jar:/home/ana/.m2/repository/org/powermock/powermock-module-junit4-common/2.0.2/powermock-module-junit4-common-2.0.2.jar:/home/ana/.m2/repository/org/powermock/powermock-reflect/2.0.2/powermock-reflect-2.0.2.jar:/home/ana/.m2/repository/net/bytebuddy/byte-buddy-agent/1.9.3/byte-buddy-agent-1.9.3.jar:/home/ana/.m2/repository/org/powermock/powermock-core/2.0.2/powermock-core-2.0.2.jar:/home/ana/.m2/repository/junit/junit/4.12/junit-4.12.jar:/home/ana/.m2/repository/org/powermock/powermock-api-mockito/1.6.4/powermock-api-mockito-1.6.4.jar:/home/ana/.m2/repository/org/mockito/mockito-core/1.10.19/mockito-core-1.10.19.jar:/home/ana/.m2/repository/org/objenesis/objenesis/2.1/objenesis-2.1.jar:/home/ana/.m2/repository/org/powermock/powermock-api-support/1.6.4/powermock-api-support-1.6.4.jar:/home/ana/.m2/repository/org/glassfish/jersey/core/jersey-client/2.28/jersey-client-2.28.jar:/home/ana/.m2/repository/jakarta/ws/rs/jakarta.ws.rs-api/2.1.5/jakarta.ws.rs-api-2.1.5.jar:/home/ana/.m2/repository/org/glassfish/jersey/core/jersey-common/2.28/jersey-common-2.28.jar:/home/ana/.m2/repository/jakarta/annotation/jakarta.annotation-api/1.3.4/jakarta.annotation-api-1.3.4.jar:/home/ana/.m2/repository/org/glassfish/hk2/osgi-resource-locator/1.0.1/osgi-resource-locator-1.0.1.jar:/home/ana/.m2/repository/org/glassfish/hk2/external/jakarta.inject/2.5.0/jakarta.inject-2.5.0.jar:/home/ana/.m2/repository/org/glassfish/jersey/media/jersey-media-json-processing/2.25.1/jersey-media-json-processing-2.25.1.jar:/home/ana/.m2/repository/org/glassfish/jsonp-jaxrs/1.0/jsonp-jaxrs-1.0.jar:/home/ana/.m2/repository/org/glassfish/javax.json/1.0.4/javax.json-1.0.4.jar:/home/ana/.m2/repository/org/hamcrest/hamcrest-core/1.3/hamcrest-core-1.3.jar:/home/ana/.m2/repository/org/glassfish/jersey/inject/jersey-hk2/2.28/jersey-hk2-2.28.jar:/home/ana/.m2/repository/org/glassfish/hk2/hk2-locator/2.5.0/hk2-locator-2.5.0.jar:/home/ana/.m2/repository/org/glassfish/hk2/external/aopalliance-repackaged/2.5.0/aopalliance-repackaged-2.5.0.jar:/home/ana/.m2/repository/org/glassfish/hk2/hk2-api/2.5.0/hk2-api-2.5.0.jar:/home/ana/.m2/repository/org/glassfish/hk2/hk2-utils/2.5.0/hk2-utils-2.5.0.jar:/home/ana/.m2/repository/org/javassist/javassist/3.22.0-CR2/javassist-3.22.0-CR2.jar:/home/ana/.m2/repository/org/glassfish/jersey/media/jersey-media-json-jackson/2.22/jersey-media-json-jackson-2.22.jar:/home/ana/.m2/repository/org/glassfish/jersey/ext/jersey-entity-filtering/2.22/jersey-entity-filtering-2.22.jar:/home/ana/.m2/repository/javax/ws/rs/javax.ws.rs-api/2.0.1/javax.ws.rs-api-2.0.1.jar:/home/ana/.m2/repository/com/fasterxml/jackson/jaxrs/jackson-jaxrs-base/2.5.4/jackson-jaxrs-base-2.5.4.jar:/home/ana/.m2/repository/com/fasterxml/jackson/jaxrs/jackson-jaxrs-json-provider/2.5.4/jackson-jaxrs-json-provider-2.5.4.jar:/home/ana/.m2/repository/com/fasterxml/jackson/module/jackson-module-jaxb-annotations/2.5.4/jackson-module-jaxb-annotations-2.5.4.jar:/home/ana/.m2/repository/com/fasterxml/jackson/core/jackson-annotations/2.4.0/jackson-annotations-2.4.0.jar:/home/ana/.m2/repository/com/fasterxml/jackson/core/jackson-databind/2.4.0/jackson-databind-2.4.0.jar:/home/ana/.m2/repository/com/fasterxml/jackson/core/jackson-core/2.4.0/jackson-core-2.4.0.jar:"/>
    <property name="java.vm.vendor" value="Oracle Corporation"/>
    <property name="sun.arch.data.model" value="64"/>
    <property name="java.vendor.url" value="http://java.oracle.com/"/>
    <property name="user.timezone" value=""/>
    <property name="java.vm.specification.version" value="1.8"/>
    <property name="os.name" value="Linux"/>
    <property name="user.country" value="PT"/>
    <property name="sun.java.launcher" value="SUN_STANDARD"/>
    <property name="sun.boot.library.path" value="/usr/lib/jvm/java-8-oracle/jre/lib/amd64"/>
    <property name="sun.java.command" value="/home/ana/Desktop/UA/TQS/Homework1/TQS_Homework1/target/surefire/surefirebooter562631817186606805.jar /home/ana/Desktop/UA/TQS/Homework1/TQS_Homework1/target/surefire 2019-05-06T20-52-18_240-jvmRun1 surefire5539269289183064676tmp surefire_0525093522207252348tmp"/>
    <property name="surefire.test.class.path" value="/home/ana/Desktop/UA/TQS/Homework1/TQS_Homework1/target/test-classes:/home/ana/Desktop/UA/TQS/Homework1/TQS_Homework1/target/classes:/home/ana/.m2/repository/com/google/code/gson/gson/2.8.5/gson-2.8.5.jar:/home/ana/.m2/repository/org/junit/jupiter/junit-jupiter-api/5.4.0/junit-jupiter-api-5.4.0.jar:/home/ana/.m2/repository/org/apiguardian/apiguardian-api/1.0.0/apiguardian-api-1.0.0.jar:/home/ana/.m2/repository/org/opentest4j/opentest4j/1.1.1/opentest4j-1.1.1.jar:/home/ana/.m2/repository/org/junit/platform/junit-platform-commons/1.4.0/junit-platform-commons-1.4.0.jar:/home/ana/.m2/repository/org/junit/jupiter/junit-jupiter-params/5.4.0/junit-jupiter-params-5.4.0.jar:/home/ana/.m2/repository/org/junit/jupiter/junit-jupiter-engine/5.4.0/junit-jupiter-engine-5.4.0.jar:/home/ana/.m2/repository/org/junit/platform/junit-platform-engine/1.4.0/junit-platform-engine-1.4.0.jar:/home/ana/.m2/repository/io/github/bonigarcia/selenium-jupiter/3.1.1/selenium-jupiter-3.1.1.jar:/home/ana/.m2/repository/org/seleniumhq/selenium/selenium-java/3.141.59/selenium-java-3.141.59.jar:/home/ana/.m2/repository/org/seleniumhq/selenium/selenium-api/3.141.59/selenium-api-3.141.59.jar:/home/ana/.m2/repository/org/seleniumhq/selenium/selenium-chrome-driver/3.141.59/selenium-chrome-driver-3.141.59.jar:/home/ana/.m2/repository/org/seleniumhq/selenium/selenium-edge-driver/3.141.59/selenium-edge-driver-3.141.59.jar:/home/ana/.m2/repository/org/seleniumhq/selenium/selenium-firefox-driver/3.141.59/selenium-firefox-driver-3.141.59.jar:/home/ana/.m2/repository/org/seleniumhq/selenium/selenium-ie-driver/3.141.59/selenium-ie-driver-3.141.59.jar:/home/ana/.m2/repository/org/seleniumhq/selenium/selenium-opera-driver/3.141.59/selenium-opera-driver-3.141.59.jar:/home/ana/.m2/repository/org/seleniumhq/selenium/selenium-remote-driver/3.141.59/selenium-remote-driver-3.141.59.jar:/home/ana/.m2/repository/org/seleniumhq/selenium/selenium-safari-driver/3.141.59/selenium-safari-driver-3.141.59.jar:/home/ana/.m2/repository/org/seleniumhq/selenium/selenium-support/3.141.59/selenium-support-3.141.59.jar:/home/ana/.m2/repository/net/bytebuddy/byte-buddy/1.8.15/byte-buddy-1.8.15.jar:/home/ana/.m2/repository/org/apache/commons/commons-exec/1.3/commons-exec-1.3.jar:/home/ana/.m2/repository/com/google/guava/guava/25.0-jre/guava-25.0-jre.jar:/home/ana/.m2/repository/com/google/code/findbugs/jsr305/1.3.9/jsr305-1.3.9.jar:/home/ana/.m2/repository/org/checkerframework/checker-compat-qual/2.0.0/checker-compat-qual-2.0.0.jar:/home/ana/.m2/repository/com/google/errorprone/error_prone_annotations/2.1.3/error_prone_annotations-2.1.3.jar:/home/ana/.m2/repository/com/google/j2objc/j2objc-annotations/1.1/j2objc-annotations-1.1.jar:/home/ana/.m2/repository/org/codehaus/mojo/animal-sniffer-annotations/1.14/animal-sniffer-annotations-1.14.jar:/home/ana/.m2/repository/com/squareup/okhttp3/okhttp/3.11.0/okhttp-3.11.0.jar:/home/ana/.m2/repository/com/squareup/okio/okio/1.14.0/okio-1.14.0.jar:/home/ana/.m2/repository/io/github/bonigarcia/webdrivermanager/3.3.0/webdrivermanager-3.3.0.jar:/home/ana/.m2/repository/commons-io/commons-io/2.6/commons-io-2.6.jar:/home/ana/.m2/repository/org/apache/commons/commons-lang3/3.8.1/commons-lang3-3.8.1.jar:/home/ana/.m2/repository/org/apache/httpcomponents/httpclient/4.5.6/httpclient-4.5.6.jar:/home/ana/.m2/repository/commons-logging/commons-logging/1.2/commons-logging-1.2.jar:/home/ana/.m2/repository/commons-codec/commons-codec/1.10/commons-codec-1.10.jar:/home/ana/.m2/repository/org/rauschig/jarchivelib/1.0.0/jarchivelib-1.0.0.jar:/home/ana/.m2/repository/org/jsoup/jsoup/1.11.3/jsoup-1.11.3.jar:/home/ana/.m2/repository/io/appium/java-client/7.0.0/java-client-7.0.0.jar:/home/ana/.m2/repository/cglib/cglib/3.2.8/cglib-3.2.8.jar:/home/ana/.m2/repository/org/ow2/asm/asm/6.2.1/asm-6.2.1.jar:/home/ana/.m2/repository/org/apache/ant/ant/1.10.3/ant-1.10.3.jar:/home/ana/.m2/repository/org/apache/ant/ant-launcher/1.10.3/ant-launcher-1.10.3.jar:/home/ana/.m2/repository/commons-validator/commons-validator/1.6/commons-validator-1.6.jar:/home/ana/.m2/repository/commons-beanutils/commons-beanutils/1.9.2/commons-beanutils-1.9.2.jar:/home/ana/.m2/repository/commons-digester/commons-digester/1.8.1/commons-digester-1.8.1.jar:/home/ana/.m2/repository/commons-collections/commons-collections/3.2.2/commons-collections-3.2.2.jar:/home/ana/.m2/repository/org/springframework/spring-context/5.1.0.RELEASE/spring-context-5.1.0.RELEASE.jar:/home/ana/.m2/repository/org/springframework/spring-aop/5.1.0.RELEASE/spring-aop-5.1.0.RELEASE.jar:/home/ana/.m2/repository/org/springframework/spring-beans/5.1.0.RELEASE/spring-beans-5.1.0.RELEASE.jar:/home/ana/.m2/repository/org/springframework/spring-core/5.1.0.RELEASE/spring-core-5.1.0.RELEASE.jar:/home/ana/.m2/repository/org/springframework/spring-jcl/5.1.0.RELEASE/spring-jcl-5.1.0.RELEASE.jar:/home/ana/.m2/repository/org/springframework/spring-expression/5.1.0.RELEASE/spring-expression-5.1.0.RELEASE.jar:/home/ana/.m2/repository/org/aspectj/aspectjweaver/1.9.1/aspectjweaver-1.9.1.jar:/home/ana/.m2/repository/com/spotify/docker-client/8.15.0/docker-client-8.15.0.jar:/home/ana/.m2/repository/com/fasterxml/jackson/datatype/jackson-datatype-guava/2.9.8/jackson-datatype-guava-2.9.8.jar:/home/ana/.m2/repository/org/glassfish/jersey/connectors/jersey-apache-connector/2.22.2/jersey-apache-connector-2.22.2.jar:/home/ana/.m2/repository/javax/activation/activation/1.1/activation-1.1.jar:/home/ana/.m2/repository/org/apache/commons/commons-compress/1.18/commons-compress-1.18.jar:/home/ana/.m2/repository/org/apache/httpcomponents/httpcore/4.4.5/httpcore-4.4.5.jar:/home/ana/.m2/repository/com/github/jnr/jnr-unixsocket/0.18/jnr-unixsocket-0.18.jar:/home/ana/.m2/repository/com/github/jnr/jnr-ffi/2.1.4/jnr-ffi-2.1.4.jar:/home/ana/.m2/repository/com/github/jnr/jffi/1.2.15/jffi-1.2.15.jar:/home/ana/.m2/repository/com/github/jnr/jffi/1.2.15/jffi-1.2.15-native.jar:/home/ana/.m2/repository/org/ow2/asm/asm-commons/5.0.3/asm-commons-5.0.3.jar:/home/ana/.m2/repository/org/ow2/asm/asm-analysis/5.0.3/asm-analysis-5.0.3.jar:/home/ana/.m2/repository/org/ow2/asm/asm-tree/5.0.3/asm-tree-5.0.3.jar:/home/ana/.m2/repository/org/ow2/asm/asm-util/5.0.3/asm-util-5.0.3.jar:/home/ana/.m2/repository/com/github/jnr/jnr-x86asm/1.0.2/jnr-x86asm-1.0.2.jar:/home/ana/.m2/repository/com/github/jnr/jnr-constants/0.9.8/jnr-constants-0.9.8.jar:/home/ana/.m2/repository/com/github/jnr/jnr-enxio/0.16/jnr-enxio-0.16.jar:/home/ana/.m2/repository/com/github/jnr/jnr-posix/3.0.35/jnr-posix-3.0.35.jar:/home/ana/.m2/repository/commons-lang/commons-lang/2.6/commons-lang-2.6.jar:/home/ana/.m2/repository/org/bouncycastle/bcpkix-jdk15on/1.60/bcpkix-jdk15on-1.60.jar:/home/ana/.m2/repository/org/bouncycastle/bcprov-jdk15on/1.60/bcprov-jdk15on-1.60.jar:/home/ana/.m2/repository/com/codeborne/phantomjsdriver/1.4.4/phantomjsdriver-1.4.4.jar:/home/ana/.m2/repository/org/slf4j/slf4j-api/1.7.25/slf4j-api-1.7.25.jar:/home/ana/.m2/repository/ch/qos/logback/logback-classic/1.2.3/logback-classic-1.2.3.jar:/home/ana/.m2/repository/ch/qos/logback/logback-core/1.2.3/logback-core-1.2.3.jar:/home/ana/.m2/repository/com/squareup/retrofit2/retrofit/2.5.0/retrofit-2.5.0.jar:/home/ana/.m2/repository/com/squareup/retrofit2/adapter-rxjava/2.5.0/adapter-rxjava-2.5.0.jar:/home/ana/.m2/repository/io/reactivex/rxjava/1.3.0/rxjava-1.3.0.jar:/home/ana/.m2/repository/com/squareup/retrofit2/converter-gson/2.5.0/converter-gson-2.5.0.jar:/home/ana/.m2/repository/javax/javaee-api/8.0/javaee-api-8.0.jar:/home/ana/.m2/repository/com/sun/mail/javax.mail/1.6.0/javax.mail-1.6.0.jar:/home/ana/.m2/repository/com/h2database/h2/1.4.196/h2-1.4.196.jar:/home/ana/.m2/repository/org/eclipse/persistence/eclipselink/2.7.2/eclipselink-2.7.2.jar:/home/ana/.m2/repository/org/eclipse/persistence/javax.persistence/2.2.0/javax.persistence-2.2.0.jar:/home/ana/.m2/repository/org/eclipse/persistence/commonj.sdo/2.1.1/commonj.sdo-2.1.1.jar:/home/ana/.m2/repository/javax/validation/validation-api/1.1.0.Final/validation-api-1.1.0.Final.jar:/home/ana/.m2/repository/org/powermock/powermock-module-junit4/2.0.2/powermock-module-junit4-2.0.2.jar:/home/ana/.m2/repository/org/powermock/powermock-module-junit4-common/2.0.2/powermock-module-junit4-common-2.0.2.jar:/home/ana/.m2/repository/org/powermock/powermock-reflect/2.0.2/powermock-reflect-2.0.2.jar:/home/ana/.m2/repository/net/bytebuddy/byte-buddy-agent/1.9.3/byte-buddy-agent-1.9.3.jar:/home/ana/.m2/repository/org/powermock/powermock-core/2.0.2/powermock-core-2.0.2.jar:/home/ana/.m2/repository/junit/junit/4.12/junit-4.12.jar:/home/ana/.m2/repository/org/powermock/powermock-api-mockito/1.6.4/powermock-api-mockito-1.6.4.jar:/home/ana/.m2/repository/org/mockito/mockito-core/1.10.19/mockito-core-1.10.19.jar:/home/ana/.m2/repository/org/objenesis/objenesis/2.1/objenesis-2.1.jar:/home/ana/.m2/repository/org/powermock/powermock-api-support/1.6.4/powermock-api-support-1.6.4.jar:/home/ana/.m2/repository/org/glassfish/jersey/core/jersey-client/2.28/jersey-client-2.28.jar:/home/ana/.m2/repository/jakarta/ws/rs/jakarta.ws.rs-api/2.1.5/jakarta.ws.rs-api-2.1.5.jar:/home/ana/.m2/repository/org/glassfish/jersey/core/jersey-common/2.28/jersey-common-2.28.jar:/home/ana/.m2/repository/jakarta/annotation/jakarta.annotation-api/1.3.4/jakarta.annotation-api-1.3.4.jar:/home/ana/.m2/repository/org/glassfish/hk2/osgi-resource-locator/1.0.1/osgi-resource-locator-1.0.1.jar:/home/ana/.m2/repository/org/glassfish/hk2/external/jakarta.inject/2.5.0/jakarta.inject-2.5.0.jar:/home/ana/.m2/repository/org/glassfish/jersey/media/jersey-media-json-processing/2.25.1/jersey-media-json-processing-2.25.1.jar:/home/ana/.m2/repository/org/glassfish/jsonp-jaxrs/1.0/jsonp-jaxrs-1.0.jar:/home/ana/.m2/repository/org/glassfish/javax.json/1.0.4/javax.json-1.0.4.jar:/home/ana/.m2/repository/org/hamcrest/hamcrest-core/1.3/hamcrest-core-1.3.jar:/home/ana/.m2/repository/org/glassfish/jersey/inject/jersey-hk2/2.28/jersey-hk2-2.28.jar:/home/ana/.m2/repository/org/glassfish/hk2/hk2-locator/2.5.0/hk2-locator-2.5.0.jar:/home/ana/.m2/repository/org/glassfish/hk2/external/aopalliance-repackaged/2.5.0/aopalliance-repackaged-2.5.0.jar:/home/ana/.m2/repository/org/glassfish/hk2/hk2-api/2.5.0/hk2-api-2.5.0.jar:/home/ana/.m2/repository/org/glassfish/hk2/hk2-utils/2.5.0/hk2-utils-2.5.0.jar:/home/ana/.m2/repository/org/javassist/javassist/3.22.0-CR2/javassist-3.22.0-CR2.jar:/home/ana/.m2/repository/org/glassfish/jersey/media/jersey-media-json-jackson/2.22/jersey-media-json-jackson-2.22.jar:/home/ana/.m2/repository/org/glassfish/jersey/ext/jersey-entity-filtering/2.22/jersey-entity-filtering-2.22.jar:/home/ana/.m2/repository/javax/ws/rs/javax.ws.rs-api/2.0.1/javax.ws.rs-api-2.0.1.jar:/home/ana/.m2/repository/com/fasterxml/jackson/jaxrs/jackson-jaxrs-base/2.5.4/jackson-jaxrs-base-2.5.4.jar:/home/ana/.m2/repository/com/fasterxml/jackson/jaxrs/jackson-jaxrs-json-provider/2.5.4/jackson-jaxrs-json-provider-2.5.4.jar:/home/ana/.m2/repository/com/fasterxml/jackson/module/jackson-module-jaxb-annotations/2.5.4/jackson-module-jaxb-annotations-2.5.4.jar:/home/ana/.m2/repository/com/fasterxml/jackson/core/jackson-annotations/2.4.0/jackson-annotations-2.4.0.jar:/home/ana/.m2/repository/com/fasterxml/jackson/core/jackson-databind/2.4.0/jackson-databind-2.4.0.jar:/home/ana/.m2/repository/com/fasterxml/jackson/core/jackson-core/2.4.0/jackson-core-2.4.0.jar:"/>
    <property name="sun.cpu.endian" value="little"/>
    <property name="user.home" value="/home/ana"/>
    <property name="user.language" value="pt"/>
    <property name="java.specification.vendor" value="Oracle Corporation"/>
    <property name="java.home" value="/usr/lib/jvm/java-8-oracle/jre"/>
    <property name="basedir" value="/home/ana/Desktop/UA/TQS/Homework1/TQS_Homework1"/>
    <property name="file.separator" value="/"/>
    <property name="line.separator" value="&#10;"/>
    <property name="java.vm.specification.vendor" value="Oracle Corporation"/>
    <property name="java.specification.name" value="Java Platform API Specification"/>
    <property name="java.awt.graphicsenv" value="sun.awt.X11GraphicsEnvironment"/>
    <property name="surefire.real.class.path" value="/home/ana/Desktop/UA/TQS/Homework1/TQS_Homework1/target/surefire/surefirebooter562631817186606805.jar:/home/ana/.m2/repository/org/jacoco/org.jacoco.agent/0.7.7.201606060606/org.jacoco.agent-0.7.7.201606060606-runtime.jar"/>
    <property name="sun.boot.class.path" value="/usr/lib/jvm/java-8-oracle/jre/lib/resources.jar:/usr/lib/jvm/java-8-oracle/jre/lib/rt.jar:/usr/lib/jvm/java-8-oracle/jre/lib/sunrsasign.jar:/usr/lib/jvm/java-8-oracle/jre/lib/jsse.jar:/usr/lib/jvm/java-8-oracle/jre/lib/jce.jar:/usr/lib/jvm/java-8-oracle/jre/lib/charsets.jar:/usr/lib/jvm/java-8-oracle/jre/lib/jfr.jar:/usr/lib/jvm/java-8-oracle/jre/classes"/>
    <property name="sun.management.compiler" value="HotSpot 64-Bit Tiered Compilers"/>
    <property name="java.runtime.version" value="1.8.0_201-b09"/>
    <property name="user.name" value="ana"/>
    <property name="path.separator" value=":"/>
    <property name="os.version" value="4.15.0-47-generic"/>
    <property name="java.endorsed.dirs" value="/usr/lib/jvm/java-8-oracle/jre/lib/endorsed"/>
    <property name="java.runtime.name" value="Java(TM) SE Runtime Environment"/>
    <property name="file.encoding" value="UTF-8"/>
    <property name="java.vm.name" value="Java HotSpot(TM) 64-Bit Server VM"/>
    <property name="localRepository" value="/home/ana/.m2/repository"/>
    <property name="java.vendor.url.bug" value="http://bugreport.sun.com/bugreport/"/>
    <property name="java.io.tmpdir" value="/tmp"/>
    <property name="java.version" value="1.8.0_201"/>
    <property name="user.dir" value="/home/ana/Desktop/UA/TQS/Homework1/TQS_Homework1"/>
    <property name="os.arch" value="amd64"/>
    <property name="java.vm.specification.name" value="Java Virtual Machine Specification"/>
    <property name="java.awt.printerjob" value="sun.print.PSPrinterJob"/>
    <property name="sun.os.patch.level" value="unknown"/>
    <property name="java.library.path" value="/usr/java/packages/lib/amd64:/usr/lib64:/lib64:/lib:/usr/lib"/>
    <property name="java.vm.info" value="mixed mode"/>
    <property name="java.vendor" value="Oracle Corporation"/>
    <property name="java.vm.version" value="25.201-b09"/>
    <property name="java.ext.dirs" value="/usr/lib/jvm/java-8-oracle/jre/lib/ext:/usr/java/packages/lib/ext"/>
    <property name="sun.io.unicode.encoding" value="UnicodeLittle"/>
    <property name="java.class.version" value="52.0"/>
  </properties>
  <testcase name="testSetIdConcelho" classname="ua.pt.restapi.models.DistrictDataTest" time="0"/>
  <testcase name="testGetGlobalIdLocal" classname="ua.pt.restapi.models.DistrictDataTest" time="0"/>
  <testcase name="testGetIdDistrito" classname="ua.pt.restapi.models.DistrictDataTest" time="0"/>
  <testcase name="testGetLocal" classname="ua.pt.restapi.models.DistrictDataTest" time="0"/>
  <testcase name="testSetLongitude" classname="ua.pt.restapi.models.DistrictDataTest" time="0"/>
  <testcase name="testSetId" classname="ua.pt.restapi.models.DistrictDataTest" time="0"/>
  <testcase name="testSetIdDistrito" classname="ua.pt.restapi.models.DistrictDataTest" time="0"/>
  <testcase name="testSetLatitude" classname="ua.pt.restapi.models.DistrictDataTest" time="0"/>
  <testcase name="testGetLatitude" classname="ua.pt.restapi.models.DistrictDataTest" time="0"/>
  <testcase name="testSetIdAreaAviso" classname="ua.pt.restapi.models.DistrictDataTest" time="0"/>
  <testcase name="testSetGlobalIdLocal" classname="ua.pt.restapi.models.DistrictDataTest" time="0"/>
  <testcase name="testSetIdRegiao" classname="ua.pt.restapi.models.DistrictDataTest" time="0"/>
  <testcase name="testGetIdRegiao" classname="ua.pt.restapi.models.DistrictDataTest" time="0"/>
  <testcase name="testGetLongitude" classname="ua.pt.restapi.models.DistrictDataTest" time="0"/>
  <testcase name="testGetIdConcelho" classname="ua.pt.restapi.models.DistrictDataTest" time="0"/>
  <testcase name="testGetIdAreaAviso" classname="ua.pt.restapi.models.DistrictDataTest" time="0"/>
  <testcase name="testSetLocal" classname="ua.pt.restapi.models.DistrictDataTest" time="0"/>
</testsuite>